<?xml version="1.0" encoding="UTF-8"?>
<!-- Generated by org.testng.reporters.JUnitReportReporter -->
<testsuite hostname="DESKTOP-LGIG5PI" failures="0" tests="2" name="mavengroup.mavenartifact.SeleniumTest" time="0.003" errors="0" timestamp="2020-09-29T11:20:36 IST" skipped="0">
  <testcase classname="mavengroup.mavenartifact.SeleniumTest" name="BrowserAutomation" time="0.003"/>
  <system-out/>
  <testcase classname="mavengroup.mavenartifact.SeleniumTest" name="elements" time="0.000"/>
  <system-out/>
</testsuite> <!-- mavengroup.mavenartifact.SeleniumTest -->
