<?xml version="1.0" encoding="UTF-8"?>
<!-- Generated by org.testng.reporters.JUnitReportReporter -->
<testsuite hostname="DESKTOP-LGIG5PI" failures="0" tests="2" name="mavengroup.mavenartifact.ApiumTest" time="0.001" errors="0" timestamp="2020-09-29T11:20:25 IST" skipped="0">
  <testcase classname="mavengroup.mavenartifact.ApiumTest" name="NativeApp" time="0.001"/>
  <system-out/>
  <testcase classname="mavengroup.mavenartifact.ApiumTest" name="IOSApp" time="0.000"/>
  <system-out/>
</testsuite> <!-- mavengroup.mavenartifact.ApiumTest -->
